TN:
SF:/home/gudjon/repos/personal/myapp/tests/test.cpp
FN:8,_ZN38TEST_AwesomeExamples_FirstExample_Test8testBodyEv
FNDA:1,_ZN38TEST_AwesomeExamples_FirstExample_Test8testBodyEv
FN:8,_ZN43TEST_AwesomeExamples_FirstExample_TestShell10createTestEv
FNDA:1,_ZN43TEST_AwesomeExamples_FirstExample_TestShell10createTestEv
FN:8,_ZN38TEST_AwesomeExamples_FirstExample_TestC2Ev
FNDA:1,_ZN38TEST_AwesomeExamples_FirstExample_TestC2Ev
DA:8,1
DA:10,1
DA:11,1
DA:12,1
DA:8,1
DA:8,1
end_of_record
TN:
SF:/home/gudjon/repos/personal/myapp/tests/main.cpp
FN:3,main
FNDA:1,main
DA:3,1
DA:5,1
end_of_record
TN:
SF:/home/gudjon/repos/personal/myapp/src/code/code.cpp
FN:4,_Z9test_funcv
FNDA:1,_Z9test_funcv
FN:9,_Z10test_func2v
FNDA:0,_Z10test_func2v
FN:13,_Z10test_func3v
FNDA:0,_Z10test_func3v
DA:4,1
DA:6,1
DA:9,0
DA:11,0
DA:13,0
DA:15,0
end_of_record
